#
# A fatal error has been detected by the Java Runtime Environment:
#
#  EXCEPTION_INT_DIVIDE_BY_ZERO (0xc0000094) at pc=0x000007fee1e4f35e, pid=11772, tid=12604
#
# JRE version: Java(TM) SE Runtime Environment (8.0_65-b17) (build 1.8.0_65-b17)
# Java VM: Java HotSpot(TM) 64-Bit Server VM (25.65-b01 mixed mode windows-amd64 compressed oops)
# Problematic frame:
# C  [nvopencl.dll+0x4f35e]
#
# Failed to write core dump. Minidumps are not enabled by default on client versions of Windows
#
# If you would like to submit a bug report, please visit:
#   http://bugreport.java.com/bugreport/crash.jsp
# The crash happened outside the Java Virtual Machine in native code.
# See problematic frame for where to report the bug.
#

---------------  T H R E A D  ---------------

Current thread (0x0000000001d8f800):  JavaThread "main" [_thread_in_native, id=12604, stack(0x0000000002260000,0x0000000002360000)]

siginfo: ExceptionCode=0xc0000094

Registers:
RAX=0x0000000000000000, RBX=0x0000000000000000, RCX=0x0000000000000400, RDX=0x0000000000000000
RSP=0x000000000235ef50, RBP=0x000000000235f019, RSI=0x0000000021e7cfb0, RDI=0x0000000000000001
R8 =0x000000000235efa8, R9 =0x0000000000000000, R10=0x000000000235ef98, R11=0x00000000210cd120
R12=0x000000001f551280, R13=0x0000000000000000, R14=0x00000000021b5c40, R15=0x000000001f559200
RIP=0x000007fee1e4f35e, EFLAGS=0x0000000000010246

Top of Stack: (sp=0x000000000235ef50)
0x000000000235ef50:   0000000000000000 0000000000000000
0x000000000235ef60:   000000000235f100 00000000021a8fd0
0x000000000235ef70:   00005ee5cff4c601 000000000235f100
0x000000000235ef80:   0000000000000000 0000000000000000
0x000000000235ef90:   000000000235f098 0000000000000400
0x000000000235efa0:   000000001f559200 0000000000000020
0x000000000235efb0:   0000000000000000 000000006f9248fd
0x000000000235efc0:   000000006fcfbd98 0000000000000000
0x000000000235efd0:   0000000000000000 0000000000000001
0x000000000235efe0:   0000000000000001 0000000000000000
0x000000000235eff0:   0000000000000001 0000000000000001
0x000000000235f000:   0000000000000000 0000000000000000
0x000000000235f010:   0000000000000000 000008dfcc512ef2
0x000000000235f020:   000000001f559200 0000000021e7cfb0
0x000000000235f030:   0000000000000000 0000000000000000
0x000000000235f040:   0000000000000000 0000000000000000 

Instructions: (pc=0x000007fee1e4f35e)
0x000007fee1e4f33e:   10 48 89 45 c7 eb 0f b8 01 00 00 00 48 89 45 c7
0x000007fee1e4f34e:   eb 04 4c 8b 7d 87 48 8b 45 b7 4c 8b 6d 97 33 d2
0x000007fee1e4f35e:   48 f7 75 cf 33 d2 48 89 45 b7 48 8b 45 bf 48 f7
0x000007fee1e4f36e:   75 d7 33 d2 48 89 45 bf 48 8b 45 c7 48 f7 75 df 


Register to memory mapping:

RAX=0x0000000000000000 is an unknown value
RBX=0x0000000000000000 is an unknown value
RCX=0x0000000000000400 is an unknown value
RDX=0x0000000000000000 is an unknown value
RSP=0x000000000235ef50 is pointing into the stack for thread: 0x0000000001d8f800
RBP=0x000000000235f019 is pointing into the stack for thread: 0x0000000001d8f800
RSI=0x0000000021e7cfb0 is an unknown value
RDI=0x0000000000000001 is an unknown value
R8 =0x000000000235efa8 is pointing into the stack for thread: 0x0000000001d8f800
R9 =0x0000000000000000 is an unknown value
R10=0x000000000235ef98 is pointing into the stack for thread: 0x0000000001d8f800
R11=0x00000000210cd120 is an unknown value
R12=0x000000001f551280 is an unknown value
R13=0x0000000000000000 is an unknown value
R14=0x00000000021b5c40 is an unknown value
R15=0x000000001f559200 is an unknown value


Stack: [0x0000000002260000,0x0000000002360000],  sp=0x000000000235ef50,  free space=1019k
Native frames: (J=compiled Java code, j=interpreted, Vv=VM code, C=native code)
C  [nvopencl.dll+0x4f35e]
C  [nvopencl.dll+0x4e41a]
C  [lwjgl64.dll+0x8210]
C  0x00000000026e5e34

Java frames: (J=compiled Java code, j=interpreted, Vv=VM code)
j  org.lwjgl.opencl.CL10.nclEnqueueNDRangeKernel(JJIJJJIJJJ)I+0
j  org.lwjgl.opencl.CL10.clEnqueueNDRangeKernel(Lorg/lwjgl/opencl/CLCommandQueue;Lorg/lwjgl/opencl/CLKernel;ILorg/lwjgl/PointerBuffer;Lorg/lwjgl/PointerBuffer;Lorg/lwjgl/PointerBuffer;Lorg/lwjgl/PointerBuffer;Lorg/lwjgl/PointerBuffer;)I+111
j  net.laraifox.particlesandbox.opencl.Kernel.enqueueNDRangeKernel(Lorg/lwjgl/opencl/CLCommandQueue;Lorg/lwjgl/PointerBuffer;Lorg/lwjgl/PointerBuffer;)I+23
j  net.laraifox.particlesandbox.core.World.runKernel()V+34
j  net.laraifox.particlesandbox.core.World.update(F)V+889
j  net.laraifox.particlesandbox.core.GameManager.update(F)V+8
j  net.laraifox.particlesandbox.core.ProgramDisplay.update(F)V+5
j  net.laraifox.particlesandbox.core.ProgramDisplay.gameLoop()V+150
j  net.laraifox.particlesandbox.core.ProgramDisplay.start()V+21
j  net.laraifox.particlesandbox.ParticleSimulatorBoot.main([Ljava/lang/String;)V+187
v  ~StubRoutines::call_stub

---------------  P R O C E S S  ---------------

Java Threads: ( => current thread )
  0x000000001d641000 JavaThread "Service Thread" daemon [_thread_blocked, id=12356, stack(0x000000001f360000,0x000000001f460000)]
  0x000000001d5dd800 JavaThread "C1 CompilerThread3" daemon [_thread_blocked, id=2444, stack(0x000000001f1c0000,0x000000001f2c0000)]
  0x000000001d5bb000 JavaThread "C2 CompilerThread2" daemon [_thread_blocked, id=10852, stack(0x000000001f0c0000,0x000000001f1c0000)]
  0x000000001d5ac000 JavaThread "C2 CompilerThread1" daemon [_thread_blocked, id=7580, stack(0x000000001ee60000,0x000000001ef60000)]
  0x000000001d5a2800 JavaThread "C2 CompilerThread0" daemon [_thread_blocked, id=2496, stack(0x000000001eac0000,0x000000001ebc0000)]
  0x000000001d5a0800 JavaThread "Attach Listener" daemon [_thread_blocked, id=7476, stack(0x000000001ecb0000,0x000000001edb0000)]
  0x000000001d59f800 JavaThread "Signal Dispatcher" daemon [_thread_blocked, id=10960, stack(0x000000001e9c0000,0x000000001eac0000)]
  0x000000001c5fc000 JavaThread "Finalizer" daemon [_thread_blocked, id=3264, stack(0x000000001e6b0000,0x000000001e7b0000)]
  0x000000001c5f4800 JavaThread "Reference Handler" daemon [_thread_blocked, id=1248, stack(0x000000001e830000,0x000000001e930000)]
=>0x0000000001d8f800 JavaThread "main" [_thread_in_native, id=12604, stack(0x0000000002260000,0x0000000002360000)]

Other Threads:
  0x000000001d550800 VMThread [stack: 0x000000001e590000,0x000000001e690000] [id=8988]
  0x000000001d663000 WatcherThread [stack: 0x000000001f590000,0x000000001f690000] [id=636]

VM state:not at safepoint (normal execution)

VM Mutex/Monitor currently owned by a thread: None

Heap:
 PSYoungGen      total 76288K, used 9559K [0x000000076b180000, 0x0000000770680000, 0x00000007c0000000)
  eden space 65536K, 14% used [0x000000076b180000,0x000000076bad5db0,0x000000076f180000)
  from space 10752K, 0% used [0x000000076fc00000,0x000000076fc00000,0x0000000770680000)
  to   space 10752K, 0% used [0x000000076f180000,0x000000076f180000,0x000000076fc00000)
 ParOldGen       total 175104K, used 0K [0x00000006c1400000, 0x00000006cbf00000, 0x000000076b180000)
  object space 175104K, 0% used [0x00000006c1400000,0x00000006c1400000,0x00000006cbf00000)
 Metaspace       used 5574K, capacity 6107K, committed 6272K, reserved 1056768K
  class space    used 539K, capacity 560K, committed 640K, reserved 1048576K

Card table byte_map: [0x0000000011a90000,0x0000000012290000] byte_map_base: 0x000000000e486000

Marking Bits: (ParMarkBitMap*) 0x000000006ff1a5b0
 Begin Bits: [0x00000000134b0000, 0x0000000017460000)
 End Bits:   [0x0000000017460000, 0x000000001b410000)

Polling page: 0x0000000000220000

CodeCache: size=245760Kb used=1860Kb max_used=1860Kb free=243899Kb
 bounds [0x00000000026d0000, 0x0000000002940000, 0x00000000116d0000]
 total_blobs=750 nmethods=312 adapters=351
 compilation: enabled

Compilation events (10 events):
Event: 0.728 Thread 0x000000001d5bb000  308       4       java.lang.String::getChars (62 bytes)
Event: 0.730 Thread 0x000000001d5bb000 nmethod 308 0x000000000289f250 code [0x000000000289f3a0, 0x000000000289f518]
Event: 0.731 Thread 0x000000001d5a2800  309       4       java.nio.Buffer::flip (20 bytes)
Event: 0.731 Thread 0x000000001d5a2800 nmethod 309 0x000000000289d650 code [0x000000000289d780, 0x000000000289d7f8]
Event: 0.748 Thread 0x000000001d5dd800  310       3       java.io.BufferedReader::readLine (6 bytes)
Event: 0.748 Thread 0x000000001d5dd800 nmethod 310 0x00000000028a0f10 code [0x00000000028a1080, 0x00000000028a1228]
Event: 0.751 Thread 0x000000001d5dd800  311       3       java.lang.ClassLoader::loadClass (7 bytes)
Event: 0.751 Thread 0x000000001d5dd800 nmethod 311 0x00000000028a0ad0 code [0x00000000028a0c40, 0x00000000028a0e68]
Event: 0.751 Thread 0x000000001d5dd800  312       3       sun.misc.Launcher$AppClassLoader::loadClass (85 bytes)
Event: 0.751 Thread 0x000000001d5dd800 nmethod 312 0x000000000289f690 code [0x000000000289f8c0, 0x00000000028a05c8]

GC Heap History (0 events):
No events

Deoptimization events (2 events):
Event: 0.219 Thread 0x0000000001d8f800 Uncommon trap: reason=unstable_if action=reinterpret pc=0x00000000028189a0 method=java.lang.String.indexOf([CII[CIII)I @ 123
Event: 0.219 Thread 0x0000000001d8f800 Uncommon trap: reason=unstable_if action=reinterpret pc=0x0000000002811944 method=java.lang.String.indexOf([CII[CIII)I @ 123

Internal exceptions (10 events):
Event: 0.104 Thread 0x0000000001d8f800 Exception <a 'java/security/PrivilegedActionException'> (0x000000076b24f3d8) thrown at [C:\workspace\8-2-build-windows-amd64-cygwin\jdk8u65\4987\hotspot\src\share\vm\prims\jvm.cpp, line 1386]
Event: 0.105 Thread 0x0000000001d8f800 Exception <a 'java/security/PrivilegedActionException'> (0x000000076b254fd0) thrown at [C:\workspace\8-2-build-windows-amd64-cygwin\jdk8u65\4987\hotspot\src\share\vm\prims\jvm.cpp, line 1386]
Event: 0.106 Thread 0x0000000001d8f800 Exception <a 'java/security/PrivilegedActionException'> (0x000000076b255c28) thrown at [C:\workspace\8-2-build-windows-amd64-cygwin\jdk8u65\4987\hotspot\src\share\vm\prims\jvm.cpp, line 1386]
Event: 0.106 Thread 0x0000000001d8f800 Exception <a 'java/security/PrivilegedActionException'> (0x000000076b256850) thrown at [C:\workspace\8-2-build-windows-amd64-cygwin\jdk8u65\4987\hotspot\src\share\vm\prims\jvm.cpp, line 1386]
Event: 0.106 Thread 0x0000000001d8f800 Exception <a 'org/lwjgl/LWJGLException'> (0x000000076b257ca0) thrown at [C:\workspace\8-2-build-windows-amd64-cygwin\jdk8u65\4987\hotspot\src\share\vm\prims\jni.cpp, line 709]
Event: 0.106 Thread 0x0000000001d8f800 Exception <a 'org/lwjgl/LWJGLException'> (0x000000076b258360) thrown at [C:\workspace\8-2-build-windows-amd64-cygwin\jdk8u65\4987\hotspot\src\share\vm\prims\jni.cpp, line 709]
Event: 0.223 Thread 0x0000000001d8f800 Exception <a 'java/security/PrivilegedActionException'> (0x000000076b66d718) thrown at [C:\workspace\8-2-build-windows-amd64-cygwin\jdk8u65\4987\hotspot\src\share\vm\prims\jvm.cpp, line 1386]
Event: 0.223 Thread 0x0000000001d8f800 Exception <a 'java/security/PrivilegedActionException'> (0x000000076b66db10) thrown at [C:\workspace\8-2-build-windows-amd64-cygwin\jdk8u65\4987\hotspot\src\share\vm\prims\jvm.cpp, line 1386]
Event: 0.223 Thread 0x0000000001d8f800 Exception <a 'java/security/PrivilegedActionException'> (0x000000076b671b40) thrown at [C:\workspace\8-2-build-windows-amd64-cygwin\jdk8u65\4987\hotspot\src\share\vm\prims\jvm.cpp, line 1386]
Event: 0.223 Thread 0x0000000001d8f800 Exception <a 'java/security/PrivilegedActionException'> (0x000000076b671f38) thrown at [C:\workspace\8-2-build-windows-amd64-cygwin\jdk8u65\4987\hotspot\src\share\vm\prims\jvm.cpp, line 1386]

Events (10 events):
Event: 0.751 Thread 0x00000000200a1000 Thread added: 0x00000000200a1000
Event: 0.751 Thread 0x00000000200a3800 Thread exited: 0x00000000200a3800
Event: 0.751 Thread 0x00000000200a3800 Thread added: 0x00000000200a3800
Event: 0.751 Thread 0x00000000200a0000 Thread exited: 0x00000000200a0000
Event: 0.751 Thread 0x00000000200a1000 Thread exited: 0x00000000200a1000
Event: 0.751 Thread 0x00000000200a0000 Thread added: 0x00000000200a0000
Event: 0.751 Thread 0x00000000200a1000 Thread added: 0x00000000200a1000
Event: 0.751 Thread 0x00000000200a0000 Thread exited: 0x00000000200a0000
Event: 0.751 Thread 0x00000000200a3800 Thread exited: 0x00000000200a3800
Event: 0.752 Thread 0x00000000200a1000 Thread exited: 0x00000000200a1000


Dynamic libraries:
0x000000013f490000 - 0x000000013f4c7000 	C:\Program Files\Java\jdk1.8.0_65\bin\javaw.exe
0x00000000773c0000 - 0x0000000077569000 	C:\Windows\SYSTEM32\ntdll.dll
0x00000000772a0000 - 0x00000000773bf000 	C:\Windows\system32\kernel32.dll
0x000007fefd340000 - 0x000007fefd3ac000 	C:\Windows\system32\KERNELBASE.dll
0x000007fefeec0000 - 0x000007fefef9b000 	C:\Windows\system32\ADVAPI32.dll
0x000007feff630000 - 0x000007feff6cf000 	C:\Windows\system32\msvcrt.dll
0x000007fefefa0000 - 0x000007fefefbf000 	C:\Windows\SYSTEM32\sechost.dll
0x000007fefd780000 - 0x000007fefd8ad000 	C:\Windows\system32\RPCRT4.dll
0x00000000771a0000 - 0x000000007729a000 	C:\Windows\system32\USER32.dll
0x000007fefd700000 - 0x000007fefd767000 	C:\Windows\system32\GDI32.dll
0x000007fefd770000 - 0x000007fefd77e000 	C:\Windows\system32\LPK.dll
0x000007feff150000 - 0x000007feff21a000 	C:\Windows\system32\USP10.dll
0x000007fefbae0000 - 0x000007fefbcd4000 	C:\Windows\WinSxS\amd64_microsoft.windows.common-controls_6595b64144ccf1df_6.0.7601.18837_none_fa3b1e3d17594757\COMCTL32.dll
0x000007fefd680000 - 0x000007fefd6f1000 	C:\Windows\system32\SHLWAPI.dll
0x000007fefd520000 - 0x000007fefd54e000 	C:\Windows\system32\IMM32.DLL
0x000007feff500000 - 0x000007feff609000 	C:\Windows\system32\MSCTF.dll
0x000007fefd090000 - 0x000007fefd0c1000 	C:\Windows\system32\nvinitx.dll
0x000007fefd080000 - 0x000007fefd08c000 	C:\Windows\system32\VERSION.dll
0x0000000055900000 - 0x00000000559d2000 	C:\Program Files\Java\jdk1.8.0_65\jre\bin\msvcr100.dll
0x000000006f710000 - 0x000000006ff99000 	C:\Program Files\Java\jdk1.8.0_65\jre\bin\server\jvm.dll
0x000007fef8f60000 - 0x000007fef8f69000 	C:\Windows\system32\WSOCK32.dll
0x000007fefd630000 - 0x000007fefd67d000 	C:\Windows\system32\WS2_32.dll
0x000007feff4f0000 - 0x000007feff4f8000 	C:\Windows\system32\NSI.dll
0x000007fefad50000 - 0x000007fefad8b000 	C:\Windows\system32\WINMM.dll
0x0000000077580000 - 0x0000000077587000 	C:\Windows\system32\PSAPI.DLL
0x00000000602e0000 - 0x00000000602ef000 	C:\Program Files\Java\jdk1.8.0_65\jre\bin\verify.dll
0x00000000565a0000 - 0x00000000565c9000 	C:\Program Files\Java\jdk1.8.0_65\jre\bin\java.dll
0x0000000055aa0000 - 0x0000000055ab6000 	C:\Program Files\Java\jdk1.8.0_65\jre\bin\zip.dll
0x000007fefd950000 - 0x000007fefe6d9000 	C:\Windows\system32\SHELL32.dll
0x000007fefead0000 - 0x000007fefecd3000 	C:\Windows\system32\ole32.dll
0x000007fefd170000 - 0x000007fefd17f000 	C:\Windows\system32\profapi.dll
0x0000000180000000 - 0x0000000180051000 	S:\Eclipse Workspace 2\Particle Sandbox\lib\lwjgl\native\windows\lwjgl64.dll
0x000007feecd20000 - 0x000007feece3d000 	C:\Windows\system32\OPENGL32.dll
0x000007fef1490000 - 0x000007fef14bd000 	C:\Windows\system32\GLU32.dll
0x000007feecc20000 - 0x000007feecd11000 	C:\Windows\system32\DDRAW.dll
0x000007fef1480000 - 0x000007fef1488000 	C:\Windows\system32\DCIMAN32.dll
0x000007fefece0000 - 0x000007fefeeb7000 	C:\Windows\system32\SETUPAPI.dll
0x000007fefd200000 - 0x000007fefd236000 	C:\Windows\system32\CFGMGR32.dll
0x000007fefd550000 - 0x000007fefd627000 	C:\Windows\system32\OLEAUT32.dll
0x000007fefd250000 - 0x000007fefd26a000 	C:\Windows\system32\DEVOBJ.dll
0x000007fefb2c0000 - 0x000007fefb2d8000 	C:\Windows\system32\dwmapi.dll
0x000007fef2350000 - 0x000007fef236a000 	C:\Windows\system32\OpenCL.dll
0x000007fee1e00000 - 0x000007fee323c000 	C:\Windows\System32\nvopencl.dll
0x000007fef9e10000 - 0x000007fefa1b0000 	C:\Windows\system32\nvapi64.dll
0x000007fefb700000 - 0x000007fefb756000 	C:\Windows\system32\uxtheme.dll
0x000007fefd1a0000 - 0x000007fefd1db000 	C:\Windows\system32\WINTRUST.dll
0x000007fefd3b0000 - 0x000007fefd51d000 	C:\Windows\system32\CRYPT32.dll
0x000007fefd160000 - 0x000007fefd16f000 	C:\Windows\system32\MSASN1.dll
0x000007fef22f0000 - 0x000007fef234e000 	C:\Windows\system32\intelopencl64.dll
0x000007fee67b0000 - 0x000007fee696d000 	C:\Program Files (x86)\Common Files\Intel\OpenCL\bin\x64\intelocl64.dll
0x000007fee6f50000 - 0x000007fee6fed000 	C:\Program Files (x86)\Common Files\Intel\OpenCL\bin\x64\task_executor64.dll
0x000007fee80f0000 - 0x000007fee81c8000 	C:\Program Files (x86)\Common Files\Intel\OpenCL\bin\x64\cpu_device64.dll
0x0000000068ba0000 - 0x000000006a971000 	C:\Windows\system32\nvoglv64.DLL
0x000007fefc320000 - 0x000007fefc331000 	C:\Windows\system32\WTSAPI32.dll
0x000007fef7dd0000 - 0x000007fef7ef5000 	C:\Windows\system32\dbghelp.dll
0x000007fefad90000 - 0x000007fefadbd000 	C:\Windows\system32\ntmarta.dll
0x000007fefea70000 - 0x000007fefeac2000 	C:\Windows\system32\WLDAP32.dll
0x000007fefc440000 - 0x000007fefc47d000 	C:\Windows\system32\WINSTA.dll
0x000007fefcfb0000 - 0x000007fefcfbf000 	C:\Windows\system32\CRYPTBASE.dll
0x000007fefa3c0000 - 0x000007fefa45c000 	C:\Windows\system32\mscms.dll
0x000007fefd280000 - 0x000007fefd29e000 	C:\Windows\system32\USERENV.dll
0x000007feef820000 - 0x000007feef862000 	C:\Windows\system32\icm32.dll
0x000007fedf4f0000 - 0x000007fee1df5000 	C:\Windows\system32\nvcompiler.dll

VM Arguments:
jvm_args: -Djava.library.path=S:\Eclipse Workspace 2\Particle Sandbox\lib\lwjgl\native\windows -Dfile.encoding=Cp1252 
java_command: net.laraifox.particlesandbox.ParticleSimulatorBoot
java_class_path (initial): S:\Eclipse Workspace 2\Particle Sandbox\bin;S:\Eclipse Workspace 2\Particle Sandbox\lib;S:\Eclipse Workspace 2\Particle Sandbox\res;S:\Eclipse Workspace 2\Particle Sandbox\lib\lwjgl\lwjgl_util.jar;S:\Eclipse Workspace 2\Particle Sandbox\lib\lwjgl\lwjgl.jar
Launcher Type: SUN_STANDARD

Environment Variables:
PATH=C:/Program Files/Java/jre1.8.0_65/bin/server;C:/Program Files/Java/jre1.8.0_65/bin;C:/Program Files/Java/jre1.8.0_65/lib/amd64;C:\ProgramData\Oracle\Java\javapath;C:\Program Files (x86)\Common Files\SIL;S:\Programs\SIL\FieldWorks 8\;C:\Program Files\Common Files\Microsoft Shared\Windows Live;C:\Program Files (x86)\Common Files\Microsoft Shared\Windows Live;C:\Windows\system32;C:\Windows;C:\Windows\System32\Wbem;C:\Windows\System32\WindowsPowerShell\v1.0\;C:\Program Files (x86)\Common Files\Adobe\AGL;C:\Program Files (x86)\Graphic Remedy\gDEBugger\;C:\Program Files (x86)\Microsoft SQL Server\100\Tools\Binn\;C:\Program Files\Microsoft SQL Server\100\Tools\Binn\;C:\Program Files\Microsoft SQL Server\100\DTS\Binn\;C:\Program Files (x86)\Windows Live\Shared;C:\Users\Larai Fox\.dnx\bin;C:\Program Files\Microsoft DNX\Dnvm\;C:\Program Files\Microsoft SQL Server\120\Tools\Binn\;C:\Program Files (x86)\Windows Kits\10\Windows Performance Toolkit\;C:\Program Files (x86)\nodejs\;C:\Program Files (x86)\NVIDIA Corporation\PhysX\Common;C:\Program Files (x86)\QuickTime\QTSystem\;S:\Programs\TortoiseGit\bin;C:\Program Files (x86)\Skype\Phone\;C:\Program Files (x86)\Steam\steamapps\common\team fortress 2\tf\..\bin;C:\Users\Larai Fox\AppData\Roaming\npm;C:\Windows\system32;
USERNAME=Larai Fox
OS=Windows_NT
PROCESSOR_IDENTIFIER=Intel64 Family 6 Model 42 Stepping 7, GenuineIntel



---------------  S Y S T E M  ---------------

OS: Windows 7 , 64 bit Build 7601 (6.1.7601.19110)

CPU:total 8 (4 cores per cpu, 2 threads per core) family 6 model 42 stepping 7, cmov, cx8, fxsr, mmx, sse, sse2, sse3, ssse3, sse4.1, sse4.2, popcnt, avx, aes, clmul, ht, tsc, tscinvbit

Memory: 4k page, physical 16692288k(11936928k free), swap 17739028k(11423996k free)

vm_info: Java HotSpot(TM) 64-Bit Server VM (25.65-b01) for windows-amd64 JRE (1.8.0_65-b17), built on Oct  6 2015 16:39:20 by "java_re" with MS VC++ 10.0 (VS2010)

time: Thu Feb 04 02:15:24 2016
elapsed time: 0 seconds (0d 0h 0m 0s)

