#
# A fatal error has been detected by the Java Runtime Environment:
#
#  EXCEPTION_INT_DIVIDE_BY_ZERO (0xc0000094) at pc=0x000007fee2def35e, pid=13064, tid=12276
#
# JRE version: Java(TM) SE Runtime Environment (8.0_65-b17) (build 1.8.0_65-b17)
# Java VM: Java HotSpot(TM) 64-Bit Server VM (25.65-b01 mixed mode windows-amd64 compressed oops)
# Problematic frame:
# C  [nvopencl.dll+0x4f35e]
#
# Failed to write core dump. Minidumps are not enabled by default on client versions of Windows
#
# If you would like to submit a bug report, please visit:
#   http://bugreport.java.com/bugreport/crash.jsp
# The crash happened outside the Java Virtual Machine in native code.
# See problematic frame for where to report the bug.
#

---------------  T H R E A D  ---------------

Current thread (0x000000000225f800):  JavaThread "main" [_thread_in_native, id=12276, stack(0x00000000023d0000,0x00000000024d0000)]

siginfo: ExceptionCode=0xc0000094

Registers:
RAX=0x0000000000000000, RBX=0x0000000000000000, RCX=0x0000000000000400, RDX=0x0000000000000000
RSP=0x00000000024cead0, RBP=0x00000000024ceb99, RSI=0x000000002329d420, RDI=0x0000000000000001
R8 =0x00000000024ceb28, R9 =0x0000000000000000, R10=0x00000000024ceb18, R11=0x00000000210c4b90
R12=0x000000001f70eee0, R13=0x0000000000000000, R14=0x00000000022d5c40, R15=0x000000001f706b70
RIP=0x000007fee2def35e, EFLAGS=0x0000000000010246

Top of Stack: (sp=0x00000000024cead0)
0x00000000024cead0:   0000000000000000 0000000000000000
0x00000000024ceae0:   00000000024cec80 00000000022c8fd0
0x00000000024ceaf0:   000000000225e101 00000000024cec80
0x00000000024ceb00:   0000000000000000 0000000000000000
0x00000000024ceb10:   00000000024cec18 0000000000000400
0x00000000024ceb20:   000000001f706b70 0000000000000020
0x00000000024ceb30:   0000000000000000 000000006f708f1f
0x00000000024ceb40:   000000006fc5bd98 0000000000000000
0x00000000024ceb50:   0000000000000000 0000000000000001
0x00000000024ceb60:   0000000000000001 0000000000000000
0x00000000024ceb70:   0000000000000001 0000000000000001
0x00000000024ceb80:   0000000000000000 0000000000000000
0x00000000024ceb90:   0000000000000000 00003216d67a26d5
0x00000000024ceba0:   000000001f706b70 000000002329d420
0x00000000024cebb0:   0000000000000000 0000000000000000
0x00000000024cebc0:   0000000000000000 0000000000000000 

Instructions: (pc=0x000007fee2def35e)
0x000007fee2def33e:   10 48 89 45 c7 eb 0f b8 01 00 00 00 48 89 45 c7
0x000007fee2def34e:   eb 04 4c 8b 7d 87 48 8b 45 b7 4c 8b 6d 97 33 d2
0x000007fee2def35e:   48 f7 75 cf 33 d2 48 89 45 b7 48 8b 45 bf 48 f7
0x000007fee2def36e:   75 d7 33 d2 48 89 45 bf 48 8b 45 c7 48 f7 75 df 


Register to memory mapping:

RAX=0x0000000000000000 is an unknown value
RBX=0x0000000000000000 is an unknown value
RCX=0x0000000000000400 is an unknown value
RDX=0x0000000000000000 is an unknown value
RSP=0x00000000024cead0 is pointing into the stack for thread: 0x000000000225f800
RBP=0x00000000024ceb99 is pointing into the stack for thread: 0x000000000225f800
RSI=0x000000002329d420 is an unknown value
RDI=0x0000000000000001 is an unknown value
R8 =0x00000000024ceb28 is pointing into the stack for thread: 0x000000000225f800
R9 =0x0000000000000000 is an unknown value
R10=0x00000000024ceb18 is pointing into the stack for thread: 0x000000000225f800
R11=0x00000000210c4b90 is an unknown value
R12=0x000000001f70eee0 is an unknown value
R13=0x0000000000000000 is an unknown value
R14=0x00000000022d5c40 is an unknown value
R15=0x000000001f706b70 is an unknown value


Stack: [0x00000000023d0000,0x00000000024d0000],  sp=0x00000000024cead0,  free space=1018k
Native frames: (J=compiled Java code, j=interpreted, Vv=VM code, C=native code)
C  [nvopencl.dll+0x4f35e]
C  [nvopencl.dll+0x4e41a]
C  [lwjgl64.dll+0x8210]
C  0x00000000028b5e34

Java frames: (J=compiled Java code, j=interpreted, Vv=VM code)
j  org.lwjgl.opencl.CL10.nclEnqueueNDRangeKernel(JJIJJJIJJJ)I+0
j  org.lwjgl.opencl.CL10.clEnqueueNDRangeKernel(Lorg/lwjgl/opencl/CLCommandQueue;Lorg/lwjgl/opencl/CLKernel;ILorg/lwjgl/PointerBuffer;Lorg/lwjgl/PointerBuffer;Lorg/lwjgl/PointerBuffer;Lorg/lwjgl/PointerBuffer;Lorg/lwjgl/PointerBuffer;)I+111
j  net.laraifox.particlesandbox.core.World.update(F)V+905
j  net.laraifox.particlesandbox.core.GameManager.update(F)V+8
j  net.laraifox.particlesandbox.core.ProgramDisplay.update(F)V+5
j  net.laraifox.particlesandbox.core.ProgramDisplay.gameLoop()V+148
j  net.laraifox.particlesandbox.core.ProgramDisplay.start()V+21
j  net.laraifox.particlesandbox.ParticleSimulatorBoot.main([Ljava/lang/String;)V+187
v  ~StubRoutines::call_stub

---------------  P R O C E S S  ---------------

Java Threads: ( => current thread )
  0x000000001fe02000 JavaThread "LWJGL Timer" daemon [_thread_blocked, id=11176, stack(0x0000000026c20000,0x0000000026d20000)]
  0x000000001d93c000 JavaThread "Service Thread" daemon [_thread_blocked, id=12812, stack(0x000000001f510000,0x000000001f610000)]
  0x000000001d8c0000 JavaThread "C1 CompilerThread3" daemon [_thread_blocked, id=5216, stack(0x000000001f380000,0x000000001f480000)]
  0x000000001d8b5800 JavaThread "C2 CompilerThread2" daemon [_thread_blocked, id=10416, stack(0x000000001f180000,0x000000001f280000)]
  0x000000001d8ae800 JavaThread "C2 CompilerThread1" daemon [_thread_blocked, id=12580, stack(0x000000001ef60000,0x000000001f060000)]
  0x000000001d8a5000 JavaThread "C2 CompilerThread0" daemon [_thread_blocked, id=13236, stack(0x000000001ee20000,0x000000001ef20000)]
  0x000000001d8a3800 JavaThread "Attach Listener" daemon [_thread_blocked, id=12032, stack(0x000000001ecd0000,0x000000001edd0000)]
  0x000000001d8a2800 JavaThread "Signal Dispatcher" daemon [_thread_blocked, id=11980, stack(0x000000001e850000,0x000000001e950000)]
  0x000000001c7ef000 JavaThread "Finalizer" daemon [_thread_blocked, id=13124, stack(0x000000001ebc0000,0x000000001ecc0000)]
  0x000000001c7e7800 JavaThread "Reference Handler" daemon [_thread_blocked, id=6868, stack(0x000000001ea80000,0x000000001eb80000)]
=>0x000000000225f800 JavaThread "main" [_thread_in_native, id=12276, stack(0x00000000023d0000,0x00000000024d0000)]

Other Threads:
  0x000000001d852800 VMThread [stack: 0x000000001e970000,0x000000001ea70000] [id=12728]
  0x000000001d908800 WatcherThread [stack: 0x000000001f740000,0x000000001f840000] [id=12912]

VM state:not at safepoint (normal execution)

VM Mutex/Monitor currently owned by a thread: None

Heap:
 PSYoungGen      total 76288K, used 25473K [0x000000076b180000, 0x0000000770680000, 0x00000007c0000000)
  eden space 65536K, 38% used [0x000000076b180000,0x000000076ca60748,0x000000076f180000)
  from space 10752K, 0% used [0x000000076fc00000,0x000000076fc00000,0x0000000770680000)
  to   space 10752K, 0% used [0x000000076f180000,0x000000076f180000,0x000000076fc00000)
 ParOldGen       total 175104K, used 0K [0x00000006c1400000, 0x00000006cbf00000, 0x000000076b180000)
  object space 175104K, 0% used [0x00000006c1400000,0x00000006c1400000,0x00000006cbf00000)
 Metaspace       used 5601K, capacity 6107K, committed 6272K, reserved 1056768K
  class space    used 541K, capacity 560K, committed 640K, reserved 1048576K

Card table byte_map: [0x0000000011c60000,0x0000000012460000] byte_map_base: 0x000000000e656000

Marking Bits: (ParMarkBitMap*) 0x000000006fe7a5b0
 Begin Bits: [0x00000000136a0000, 0x0000000017650000)
 End Bits:   [0x0000000017650000, 0x000000001b600000)

Polling page: 0x0000000000320000

CodeCache: size=245760Kb used=2099Kb max_used=2105Kb free=243660Kb
 bounds [0x00000000028a0000, 0x0000000002b10000, 0x00000000118a0000]
 total_blobs=811 nmethods=383 adapters=341
 compilation: enabled

Compilation events (10 events):
Event: 0.600 Thread 0x000000001d8ae800 nmethod 379 0x0000000002aa99d0 code [0x0000000002aa9b20, 0x0000000002aa9c28]
Event: 0.601 Thread 0x000000001d8ae800  381       4       java.util.ArrayList$Itr::<init> (6 bytes)
Event: 0.601 Thread 0x000000001d8ae800 nmethod 381 0x0000000002aa3410 code [0x0000000002aa3540, 0x0000000002aa35d8]
Event: 0.611 Thread 0x000000001d8c0000  382 %     3       net.laraifox.particlesandbox.core.PhysicsThread::run @ 19 (63 bytes)
Event: 0.611 Thread 0x000000001d8c0000 nmethod 382% 0x0000000002aaa250 code [0x0000000002aaa440, 0x0000000002aaad48]
Event: 0.611 Thread 0x000000001d8c0000  383 %     3       net.laraifox.particlesandbox.core.PhysicsThread::run @ 8 (63 bytes)
Event: 0.612 Thread 0x000000001d8c0000 nmethod 383% 0x0000000002aabe90 code [0x0000000002aac080, 0x0000000002aac928]
Event: 0.612 Thread 0x000000001d8c0000  384       3       net.laraifox.particlesandbox.core.PhysicsThread::run (63 bytes)
Event: 0.613 Thread 0x000000001d8c0000 nmethod 384 0x0000000002aacd90 code [0x0000000002aacf80, 0x0000000002aad7a8]
Event: 0.614 Thread 0x000000001d8a5000 nmethod 380 0x0000000002aaebd0 code [0x0000000002aaee40, 0x0000000002aaf6e8]

GC Heap History (0 events):
No events

Deoptimization events (1 events):
Event: 0.180 Thread 0x000000000225f800 Uncommon trap: reason=unstable_if action=reinterpret pc=0x00000000029e6a20 method=java.lang.String.indexOf([CII[CIII)I @ 123

Internal exceptions (10 events):
Event: 0.083 Thread 0x000000000225f800 Exception <a 'java/security/PrivilegedActionException'> (0x000000076b26b3f0) thrown at [C:\workspace\8-2-build-windows-amd64-cygwin\jdk8u65\4987\hotspot\src\share\vm\prims\jvm.cpp, line 1386]
Event: 0.083 Thread 0x000000000225f800 Exception <a 'java/security/PrivilegedActionException'> (0x000000076b270848) thrown at [C:\workspace\8-2-build-windows-amd64-cygwin\jdk8u65\4987\hotspot\src\share\vm\prims\jvm.cpp, line 1386]
Event: 0.083 Thread 0x000000000225f800 Exception <a 'java/security/PrivilegedActionException'> (0x000000076b2714a0) thrown at [C:\workspace\8-2-build-windows-amd64-cygwin\jdk8u65\4987\hotspot\src\share\vm\prims\jvm.cpp, line 1386]
Event: 0.083 Thread 0x000000000225f800 Exception <a 'java/security/PrivilegedActionException'> (0x000000076b2720c8) thrown at [C:\workspace\8-2-build-windows-amd64-cygwin\jdk8u65\4987\hotspot\src\share\vm\prims\jvm.cpp, line 1386]
Event: 0.083 Thread 0x000000000225f800 Exception <a 'org/lwjgl/LWJGLException'> (0x000000076b273518) thrown at [C:\workspace\8-2-build-windows-amd64-cygwin\jdk8u65\4987\hotspot\src\share\vm\prims\jni.cpp, line 709]
Event: 0.083 Thread 0x000000000225f800 Exception <a 'org/lwjgl/LWJGLException'> (0x000000076b273bd8) thrown at [C:\workspace\8-2-build-windows-amd64-cygwin\jdk8u65\4987\hotspot\src\share\vm\prims\jni.cpp, line 709]
Event: 0.183 Thread 0x000000000225f800 Exception <a 'java/security/PrivilegedActionException'> (0x000000076b672a78) thrown at [C:\workspace\8-2-build-windows-amd64-cygwin\jdk8u65\4987\hotspot\src\share\vm\prims\jvm.cpp, line 1386]
Event: 0.183 Thread 0x000000000225f800 Exception <a 'java/security/PrivilegedActionException'> (0x000000076b672e70) thrown at [C:\workspace\8-2-build-windows-amd64-cygwin\jdk8u65\4987\hotspot\src\share\vm\prims\jvm.cpp, line 1386]
Event: 0.184 Thread 0x000000000225f800 Exception <a 'java/security/PrivilegedActionException'> (0x000000076b676ea0) thrown at [C:\workspace\8-2-build-windows-amd64-cygwin\jdk8u65\4987\hotspot\src\share\vm\prims\jvm.cpp, line 1386]
Event: 0.184 Thread 0x000000000225f800 Exception <a 'java/security/PrivilegedActionException'> (0x000000076b677298) thrown at [C:\workspace\8-2-build-windows-amd64-cygwin\jdk8u65\4987\hotspot\src\share\vm\prims\jvm.cpp, line 1386]

Events (10 events):
Event: 0.601 loading class java/util/ArrayList$1
Event: 0.601 loading class java/util/ArrayList$1 done
Event: 0.607 Thread 0x000000001fe09800 Thread exited: 0x000000001fe09800
Event: 0.607 Thread 0x000000001fe03000 Thread exited: 0x000000001fe03000
Event: 0.607 Thread 0x000000002039f000 Thread exited: 0x000000002039f000
Event: 0.608 Thread 0x000000001fe09000 Thread exited: 0x000000001fe09000
Event: 0.614 Thread 0x000000002039d800 Thread exited: 0x000000002039d800
Event: 0.614 Thread 0x000000001fe0e800 Thread exited: 0x000000001fe0e800
Event: 0.615 Thread 0x000000001fe05800 Thread exited: 0x000000001fe05800
Event: 0.615 Thread 0x000000002039e000 Thread exited: 0x000000002039e000


Dynamic libraries:
0x000000013fd40000 - 0x000000013fd77000 	C:\Program Files\Java\jdk1.8.0_65\bin\javaw.exe
0x0000000077be0000 - 0x0000000077d89000 	C:\Windows\SYSTEM32\ntdll.dll
0x0000000077ac0000 - 0x0000000077be0000 	C:\Windows\system32\kernel32.dll
0x000007fefdc40000 - 0x000007fefdcac000 	C:\Windows\system32\KERNELBASE.dll
0x000007fefe3d0000 - 0x000007fefe4ab000 	C:\Windows\system32\ADVAPI32.dll
0x000007feff9e0000 - 0x000007feffa7f000 	C:\Windows\system32\msvcrt.dll
0x000007fefe050000 - 0x000007fefe06f000 	C:\Windows\SYSTEM32\sechost.dll
0x000007fefe110000 - 0x000007fefe23d000 	C:\Windows\system32\RPCRT4.dll
0x00000000779c0000 - 0x0000000077aba000 	C:\Windows\system32\USER32.dll
0x000007feff5a0000 - 0x000007feff607000 	C:\Windows\system32\GDI32.dll
0x000007feff590000 - 0x000007feff59e000 	C:\Windows\system32\LPK.dll
0x000007feff8e0000 - 0x000007feff9aa000 	C:\Windows\system32\USP10.dll
0x000007fefc300000 - 0x000007fefc4f4000 	C:\Windows\WinSxS\amd64_microsoft.windows.common-controls_6595b64144ccf1df_6.0.7601.18837_none_fa3b1e3d17594757\COMCTL32.dll
0x000007fefdd40000 - 0x000007fefddb1000 	C:\Windows\system32\SHLWAPI.dll
0x000007feff9b0000 - 0x000007feff9de000 	C:\Windows\system32\IMM32.DLL
0x000007fefe4b0000 - 0x000007fefe5b9000 	C:\Windows\system32\MSCTF.dll
0x000007fefd8b0000 - 0x000007fefd8e1000 	C:\Windows\system32\nvinitx.dll
0x000007fefd8a0000 - 0x000007fefd8ac000 	C:\Windows\system32\VERSION.dll
0x0000000079470000 - 0x0000000079542000 	C:\Program Files\Java\jdk1.8.0_65\jre\bin\msvcr100.dll
0x000000006f670000 - 0x000000006fef9000 	C:\Program Files\Java\jdk1.8.0_65\jre\bin\server\jvm.dll
0x000007fef92a0000 - 0x000007fef92a9000 	C:\Windows\system32\WSOCK32.dll
0x000007fefe5c0000 - 0x000007fefe60d000 	C:\Windows\system32\WS2_32.dll
0x000007fefe610000 - 0x000007fefe618000 	C:\Windows\system32\NSI.dll
0x000007fefb560000 - 0x000007fefb59b000 	C:\Windows\system32\WINMM.dll
0x0000000077db0000 - 0x0000000077db7000 	C:\Windows\system32\PSAPI.DLL
0x00000000679c0000 - 0x00000000679cf000 	C:\Program Files\Java\jdk1.8.0_65\jre\bin\verify.dll
0x000000005c1e0000 - 0x000000005c209000 	C:\Program Files\Java\jdk1.8.0_65\jre\bin\java.dll
0x0000000057f50000 - 0x0000000057f66000 	C:\Program Files\Java\jdk1.8.0_65\jre\bin\zip.dll
0x000007fefe620000 - 0x000007feff3a9000 	C:\Windows\system32\SHELL32.dll
0x000007feffce0000 - 0x000007feffee3000 	C:\Windows\system32\ole32.dll
0x000007fefd990000 - 0x000007fefd99f000 	C:\Windows\system32\profapi.dll
0x0000000180000000 - 0x0000000180051000 	S:\Eclipse Workspace 2\Particle Sandbox\lib\lwjgl\native\windows\lwjgl64.dll
0x000007fef26e0000 - 0x000007fef27fd000 	C:\Windows\system32\OPENGL32.dll
0x000007fef26b0000 - 0x000007fef26dd000 	C:\Windows\system32\GLU32.dll
0x000007fef1e70000 - 0x000007fef1f61000 	C:\Windows\system32\DDRAW.dll
0x000007fef2410000 - 0x000007fef2418000 	C:\Windows\system32\DCIMAN32.dll
0x000007feffb00000 - 0x000007feffcd7000 	C:\Windows\system32\SETUPAPI.dll
0x000007fefdcb0000 - 0x000007fefdce6000 	C:\Windows\system32\CFGMGR32.dll
0x000007feff450000 - 0x000007feff527000 	C:\Windows\system32\OLEAUT32.dll
0x000007fefd9a0000 - 0x000007fefd9ba000 	C:\Windows\system32\DEVOBJ.dll
0x000007fefbe60000 - 0x000007fefbe78000 	C:\Windows\system32\dwmapi.dll
0x000007feecab0000 - 0x000007feecae7000 	C:\Windows\system32\OpenCL.dll
0x000007fee2da0000 - 0x000007fee41dc000 	C:\Windows\System32\nvopencl.dll
0x000007fefa170000 - 0x000007fefa510000 	C:\Windows\system32\nvapi64.dll
0x000007fefbdf0000 - 0x000007fefbe46000 	C:\Windows\system32\uxtheme.dll
0x000007fefdc00000 - 0x000007fefdc3b000 	C:\Windows\system32\WINTRUST.dll
0x000007fefd9c0000 - 0x000007fefdb2d000 	C:\Windows\system32\CRYPT32.dll
0x000007fefd980000 - 0x000007fefd98f000 	C:\Windows\system32\MSASN1.dll
0x000007fef25e0000 - 0x000007fef265f000 	C:\Program Files\Common Files\microsoft shared\ink\tiptsf.dll
0x00000000689d0000 - 0x000000006a7a1000 	C:\Windows\system32\nvoglv64.DLL
0x000007fefcb40000 - 0x000007fefcb51000 	C:\Windows\system32\WTSAPI32.dll
0x000007fef8190000 - 0x000007fef82b5000 	C:\Windows\system32\dbghelp.dll
0x000007fefb5a0000 - 0x000007fefb5cd000 	C:\Windows\system32\ntmarta.dll
0x000007feff530000 - 0x000007feff582000 	C:\Windows\system32\WLDAP32.dll
0x000007fefcca0000 - 0x000007fefccdd000 	C:\Windows\system32\WINSTA.dll
0x000007fefd7d0000 - 0x000007fefd7df000 	C:\Windows\system32\CRYPTBASE.dll
0x000007feff3b0000 - 0x000007feff449000 	C:\Windows\system32\CLBCatQ.DLL
0x000007fefa960000 - 0x000007fefa9fc000 	C:\Windows\system32\mscms.dll
0x000007fefdcf0000 - 0x000007fefdd0e000 	C:\Windows\system32\USERENV.dll
0x000007feeca60000 - 0x000007feecaa2000 	C:\Windows\system32\icm32.dll
0x000007fee0490000 - 0x000007fee2d95000 	C:\Windows\system32\nvcompiler.dll

VM Arguments:
jvm_args: -Djava.library.path=S:\Eclipse Workspace 2\Particle Sandbox\lib\lwjgl\native\windows -Dfile.encoding=Cp1252 
java_command: net.laraifox.particlesandbox.ParticleSimulatorBoot
java_class_path (initial): S:\Eclipse Workspace 2\Particle Sandbox\bin;S:\Eclipse Workspace 2\Particle Sandbox\lib;S:\Eclipse Workspace 2\Particle Sandbox\res;S:\Eclipse Workspace 2\Particle Sandbox\lib\lwjgl\lwjgl_util.jar;S:\Eclipse Workspace 2\Particle Sandbox\lib\lwjgl\lwjgl.jar
Launcher Type: SUN_STANDARD

Environment Variables:
PATH=C:/Program Files/Java/jre1.8.0_65/bin/server;C:/Program Files/Java/jre1.8.0_65/bin;C:/Program Files/Java/jre1.8.0_65/lib/amd64;C:\ProgramData\Oracle\Java\javapath;C:\Program Files (x86)\Common Files\SIL;S:\Programs\SIL\FieldWorks 8\;C:\Program Files\Common Files\Microsoft Shared\Windows Live;C:\Program Files (x86)\Common Files\Microsoft Shared\Windows Live;C:\Windows\system32;C:\Windows;C:\Windows\System32\Wbem;C:\Windows\System32\WindowsPowerShell\v1.0\;C:\Program Files (x86)\Common Files\Adobe\AGL;C:\Program Files (x86)\Graphic Remedy\gDEBugger\;C:\Program Files (x86)\Microsoft SQL Server\100\Tools\Binn\;C:\Program Files\Microsoft SQL Server\100\Tools\Binn\;C:\Program Files\Microsoft SQL Server\100\DTS\Binn\;C:\Program Files (x86)\Windows Live\Shared;C:\Program Files (x86)\Skype\Phone\;C:\Users\Larai Fox\.dnx\bin;C:\Program Files\Microsoft DNX\Dnvm\;C:\Program Files\Microsoft SQL Server\120\Tools\Binn\;C:\Program Files (x86)\Windows Kits\10\Windows Performance Toolkit\;C:\Program Files (x86)\nodejs\;C:\Program Files (x86)\NVIDIA Corporation\PhysX\Common;C:\Program Files (x86)\QuickTime\QTSystem\;S:\Programs\TortoiseGit\bin;C:\Program Files (x86)\Steam\steamapps\common\team fortress 2\tf\..\bin;C:\Users\Larai Fox\AppData\Roaming\npm;C:\Windows\system32;
USERNAME=Larai Fox
OS=Windows_NT
PROCESSOR_IDENTIFIER=Intel64 Family 6 Model 42 Stepping 7, GenuineIntel



---------------  S Y S T E M  ---------------

OS: Windows 7 , 64 bit Build 7601 (6.1.7601.19045)

CPU:total 8 (4 cores per cpu, 2 threads per core) family 6 model 42 stepping 7, cmov, cx8, fxsr, mmx, sse, sse2, sse3, ssse3, sse4.1, sse4.2, popcnt, avx, aes, clmul, ht, tsc, tscinvbit

Memory: 4k page, physical 16692288k(11636312k free), swap 17739028k(10998384k free)

vm_info: Java HotSpot(TM) 64-Bit Server VM (25.65-b01) for windows-amd64 JRE (1.8.0_65-b17), built on Oct  6 2015 16:39:20 by "java_re" with MS VC++ 10.0 (VS2010)

time: Sun Jan 03 21:16:08 2016
elapsed time: 0 seconds (0d 0h 0m 0s)

