#
# A fatal error has been detected by the Java Runtime Environment:
#
#  EXCEPTION_ACCESS_VIOLATION (0xc0000005) at pc=0x000000006a84ff6d, pid=34040, tid=34812
#
# JRE version: Java(TM) SE Runtime Environment (8.0_65-b17) (build 1.8.0_65-b17)
# Java VM: Java HotSpot(TM) 64-Bit Server VM (25.65-b01 mixed mode windows-amd64 compressed oops)
# Problematic frame:
# C  [nvoglv64.DLL+0x13aff6d]
#
# Failed to write core dump. Minidumps are not enabled by default on client versions of Windows
#
# If you would like to submit a bug report, please visit:
#   http://bugreport.java.com/bugreport/crash.jsp
# The crash happened outside the Java Virtual Machine in native code.
# See problematic frame for where to report the bug.
#

---------------  T H R E A D  ---------------

Current thread (0x0000000001ecf800):  JavaThread "main" [_thread_in_native, id=34812, stack(0x0000000002210000,0x0000000002310000)]

siginfo: ExceptionCode=0xc0000005, reading address 0x0000000000000000

Registers:
RAX=0x0000000000000080, RBX=0x0000000020650aa8, RCX=0x00000000215ba54c, RDX=0xffffffffdea45ab4
RSP=0x000000000230ec48, RBP=0x0000000000000002, RSI=0x0000000000000008, RDI=0x00000000215ba54c
R8 =0x0000000000000080, R9 =0x0000000000000008, R10=0x0000000000000000, R11=0x00000000215ba54c
R12=0x0000000000000000, R13=0x00000000694a0000, R14=0x0000000000000002, R15=0x0000000020650808
RIP=0x000000006a84ff6d, EFLAGS=0x0000000000010202

Top of Stack: (sp=0x000000000230ec48)
0x000000000230ec48:   0000000069eefb2c 000000001bc29ba8
0x000000000230ec58:   000000000230edb8 0000000001e08040
0x000000000230ec68:   0000000069d97dbb 0000000000000000
0x000000000230ec78:   0000000000000000 0000000000000000
0x000000000230ec88:   000000000004810b 0000000020650808
0x000000000230ec98:   0000000069ef06fe 0000000020650080
0x000000000230eca8:   0000000000000008 0000000000000001
0x000000000230ecb8:   00000000025f5cc6 0000000001ecf800
0x000000000230ecc8:   000000000230edb8 000000001bc29ba8
0x000000000230ecd8:   0000000000000000 0000000000000135
0x000000000230ece8:   00000000025f5e34 000000001bc29ba8
0x000000000230ecf8:   000000000230ed78 0000000000000128
0x000000000230ed08:   00000000025f5bab 0000000000000008
0x000000000230ed18:   0000000069e47870 0000000000000128
0x000000000230ed28:   0000000001ecf800 00000000025f5b62
0x000000000230ed38:   000000000230ed38 000000001bc29ba8 

Instructions: (pc=0x000000006a84ff6d)
0x000000006a84ff4d:   ff c8 88 01 48 ff c1 f6 c1 02 74 0f 66 8b 04 0a
0x000000006a84ff5d:   49 83 e8 02 66 89 01 48 83 c1 02 f6 c1 04 74 0d
0x000000006a84ff6d:   8b 04 0a 49 83 e8 04 89 01 48 83 c1 04 4d 8b c8
0x000000006a84ff7d:   49 c1 e9 05 0f 85 d9 01 00 00 4d 8b c8 49 c1 e9 


Register to memory mapping:

RAX=0x0000000000000080 is an unknown value
RBX=0x0000000020650aa8 is an unknown value
RCX=0x00000000215ba54c is an unknown value
RDX=0xffffffffdea45ab4 is an unknown value
RSP=0x000000000230ec48 is pointing into the stack for thread: 0x0000000001ecf800
RBP=0x0000000000000002 is an unknown value
RSI=0x0000000000000008 is an unknown value
RDI=0x00000000215ba54c is an unknown value
R8 =0x0000000000000080 is an unknown value
R9 =0x0000000000000008 is an unknown value
R10=0x0000000000000000 is an unknown value
R11=0x00000000215ba54c is an unknown value
R12=0x0000000000000000 is an unknown value
R13=0x00000000694a0000 is an unknown value
R14=0x0000000000000002 is an unknown value
R15=0x0000000020650808 is an unknown value


Stack: [0x0000000002210000,0x0000000002310000],  sp=0x000000000230ec48,  free space=1019k
Native frames: (J=compiled Java code, j=interpreted, Vv=VM code, C=native code)
C  [nvoglv64.DLL+0x13aff6d]
C  [nvoglv64.DLL+0xa4fb2c]
C  [nvoglv64.DLL+0xa506fe]
C  0x00000000025f5e34

Java frames: (J=compiled Java code, j=interpreted, Vv=VM code)
j  org.lwjgl.opengl.GL11.nglDrawArrays(IIIJ)V+0
j  org.lwjgl.opengl.GL11.glDrawArrays(III)V+20
j  net.laraifox.particlesandbox.core.World.renderWalls()V+154
j  net.laraifox.particlesandbox.core.World.renderScene()V+9
j  net.laraifox.particlesandbox.core.World.render()V+49
j  net.laraifox.particlesandbox.core.GameManager.render()V+13
j  net.laraifox.particlesandbox.core.ProgramDisplay.render()V+4
j  net.laraifox.particlesandbox.core.ProgramDisplay.gameLoop()V+166
j  net.laraifox.particlesandbox.core.ProgramDisplay.start()V+21
j  net.laraifox.particlesandbox.ParticleSandboxBoot.main([Ljava/lang/String;)V+468
v  ~StubRoutines::call_stub

---------------  P R O C E S S  ---------------

Java Threads: ( => current thread )
  0x000000001d272800 JavaThread "Service Thread" daemon [_thread_blocked, id=33120, stack(0x000000001ee70000,0x000000001ef70000)]
  0x000000001d20a800 JavaThread "C1 CompilerThread3" daemon [_thread_blocked, id=34652, stack(0x000000001ed10000,0x000000001ee10000)]
  0x000000001d1e8000 JavaThread "C2 CompilerThread2" daemon [_thread_blocked, id=34760, stack(0x000000001e900000,0x000000001ea00000)]
  0x000000001d1dd000 JavaThread "C2 CompilerThread1" daemon [_thread_blocked, id=33680, stack(0x000000001eb30000,0x000000001ec30000)]
  0x000000001d1d6000 JavaThread "C2 CompilerThread0" daemon [_thread_blocked, id=34756, stack(0x000000001ea10000,0x000000001eb10000)]
  0x000000001d1d4800 JavaThread "Attach Listener" daemon [_thread_blocked, id=33832, stack(0x000000001e800000,0x000000001e900000)]
  0x000000001d1d3800 JavaThread "Signal Dispatcher" daemon [_thread_blocked, id=33772, stack(0x000000001e5b0000,0x000000001e6b0000)]
  0x000000001c120000 JavaThread "Finalizer" daemon [_thread_blocked, id=34644, stack(0x000000001e230000,0x000000001e330000)]
  0x000000001c118000 JavaThread "Reference Handler" daemon [_thread_blocked, id=11424, stack(0x000000001e360000,0x000000001e460000)]
=>0x0000000001ecf800 JavaThread "main" [_thread_in_native, id=34812, stack(0x0000000002210000,0x0000000002310000)]

Other Threads:
  0x000000001c111000 VMThread [stack: 0x000000001e130000,0x000000001e230000] [id=34492]
  0x000000001d253800 WatcherThread [stack: 0x000000001e700000,0x000000001e800000] [id=33992]

VM state:not at safepoint (normal execution)

VM Mutex/Monitor currently owned by a thread: None

Heap:
 PSYoungGen      total 76288K, used 10486K [0x000000076b180000, 0x0000000770680000, 0x00000007c0000000)
  eden space 65536K, 16% used [0x000000076b180000,0x000000076bbbd880,0x000000076f180000)
  from space 10752K, 0% used [0x000000076fc00000,0x000000076fc00000,0x0000000770680000)
  to   space 10752K, 0% used [0x000000076f180000,0x000000076f180000,0x000000076fc00000)
 ParOldGen       total 175104K, used 0K [0x00000006c1400000, 0x00000006cbf00000, 0x000000076b180000)
  object space 175104K, 0% used [0x00000006c1400000,0x00000006c1400000,0x00000006cbf00000)
 Metaspace       used 5631K, capacity 6171K, committed 6272K, reserved 1056768K
  class space    used 544K, capacity 560K, committed 640K, reserved 1048576K

Card table byte_map: [0x00000000119a0000,0x00000000121a0000] byte_map_base: 0x000000000e396000

Marking Bits: (ParMarkBitMap*) 0x00000000706fa5b0
 Begin Bits: [0x0000000012fd0000, 0x0000000016f80000)
 End Bits:   [0x0000000016f80000, 0x000000001af30000)

Polling page: 0x0000000000190000

CodeCache: size=245760Kb used=1862Kb max_used=1862Kb free=243897Kb
 bounds [0x00000000025e0000, 0x0000000002850000, 0x00000000115e0000]
 total_blobs=754 nmethods=317 adapters=350
 compilation: enabled

Compilation events (10 events):
Event: 0.693 Thread 0x000000001d20a800  313       3       java.lang.ClassLoader::loadClass (7 bytes)
Event: 0.693 Thread 0x000000001d20a800 nmethod 313 0x00000000027ac550 code [0x00000000027ac6c0, 0x00000000027ac8e8]
Event: 0.693 Thread 0x000000001d20a800  314       3       sun.misc.Launcher$AppClassLoader::loadClass (85 bytes)
Event: 0.694 Thread 0x000000001d20a800 nmethod 314 0x00000000027afa50 code [0x00000000027afc80, 0x00000000027b0988]
Event: 0.700 Thread 0x000000001d20a800  315       3       org.lwjgl.opengl.GLContext::getCapabilities (20 bytes)
Event: 0.700 Thread 0x000000001d20a800 nmethod 315 0x00000000027b1210 code [0x00000000027b13c0, 0x00000000027b18b8]
Event: 0.700 Thread 0x000000001d20a800  316       3       org.lwjgl.opengl.GLContext::getCapabilitiesImpl (23 bytes)
Event: 0.700 Thread 0x000000001d20a800 nmethod 316 0x00000000027b1a50 code [0x00000000027b1be0, 0x00000000027b1f88]
Event: 0.705 Thread 0x000000001d20a800  317       3       java.nio.ByteBuffer::array (35 bytes)
Event: 0.705 Thread 0x000000001d20a800 nmethod 317 0x00000000027b2090 code [0x00000000027b2220, 0x00000000027b2538]

GC Heap History (0 events):
No events

Deoptimization events (1 events):
Event: 0.217 Thread 0x0000000001ecf800 Uncommon trap: reason=unstable_if action=reinterpret pc=0x000000000273cd60 method=java.lang.String.indexOf([CII[CIII)I @ 123

Internal exceptions (10 events):
Event: 0.107 Thread 0x0000000001ecf800 Exception <a 'java/security/PrivilegedActionException'> (0x000000076b250498) thrown at [C:\workspace\8-2-build-windows-amd64-cygwin\jdk8u65\4987\hotspot\src\share\vm\prims\jvm.cpp, line 1386]
Event: 0.107 Thread 0x0000000001ecf800 Exception <a 'java/security/PrivilegedActionException'> (0x000000076b2558f0) thrown at [C:\workspace\8-2-build-windows-amd64-cygwin\jdk8u65\4987\hotspot\src\share\vm\prims\jvm.cpp, line 1386]
Event: 0.107 Thread 0x0000000001ecf800 Exception <a 'java/security/PrivilegedActionException'> (0x000000076b256548) thrown at [C:\workspace\8-2-build-windows-amd64-cygwin\jdk8u65\4987\hotspot\src\share\vm\prims\jvm.cpp, line 1386]
Event: 0.107 Thread 0x0000000001ecf800 Exception <a 'java/security/PrivilegedActionException'> (0x000000076b257170) thrown at [C:\workspace\8-2-build-windows-amd64-cygwin\jdk8u65\4987\hotspot\src\share\vm\prims\jvm.cpp, line 1386]
Event: 0.108 Thread 0x0000000001ecf800 Exception <a 'org/lwjgl/LWJGLException'> (0x000000076b2585c0) thrown at [C:\workspace\8-2-build-windows-amd64-cygwin\jdk8u65\4987\hotspot\src\share\vm\prims\jni.cpp, line 709]
Event: 0.108 Thread 0x0000000001ecf800 Exception <a 'org/lwjgl/LWJGLException'> (0x000000076b258c80) thrown at [C:\workspace\8-2-build-windows-amd64-cygwin\jdk8u65\4987\hotspot\src\share\vm\prims\jni.cpp, line 709]
Event: 0.220 Thread 0x0000000001ecf800 Exception <a 'java/security/PrivilegedActionException'> (0x000000076b66e068) thrown at [C:\workspace\8-2-build-windows-amd64-cygwin\jdk8u65\4987\hotspot\src\share\vm\prims\jvm.cpp, line 1386]
Event: 0.220 Thread 0x0000000001ecf800 Exception <a 'java/security/PrivilegedActionException'> (0x000000076b66e460) thrown at [C:\workspace\8-2-build-windows-amd64-cygwin\jdk8u65\4987\hotspot\src\share\vm\prims\jvm.cpp, line 1386]
Event: 0.221 Thread 0x0000000001ecf800 Exception <a 'java/security/PrivilegedActionException'> (0x000000076b672490) thrown at [C:\workspace\8-2-build-windows-amd64-cygwin\jdk8u65\4987\hotspot\src\share\vm\prims\jvm.cpp, line 1386]
Event: 0.221 Thread 0x0000000001ecf800 Exception <a 'java/security/PrivilegedActionException'> (0x000000076b672888) thrown at [C:\workspace\8-2-build-windows-amd64-cygwin\jdk8u65\4987\hotspot\src\share\vm\prims\jvm.cpp, line 1386]

Events (10 events):
Event: 0.708 loading class org/lwjgl/util/vector/Vector2f
Event: 0.708 loading class org/lwjgl/util/vector/Vector2f done
Event: 0.708 loading class org/lwjgl/util/vector/ReadableVector2f
Event: 0.708 loading class org/lwjgl/util/vector/ReadableVector2f done
Event: 0.708 loading class org/lwjgl/util/vector/ReadableVector
Event: 0.708 loading class org/lwjgl/util/vector/ReadableVector done
Event: 0.708 loading class org/lwjgl/util/vector/WritableVector2f
Event: 0.708 loading class org/lwjgl/util/vector/WritableVector2f done
Event: 0.709 loading class org/lwjgl/util/vector/Vector
Event: 0.709 loading class org/lwjgl/util/vector/Vector done


Dynamic libraries:
0x000000013fec0000 - 0x000000013fef7000 	C:\Program Files\Java\jdk1.8.0_65\bin\javaw.exe
0x0000000077ca0000 - 0x0000000077e4a000 	C:\Windows\SYSTEM32\ntdll.dll
0x0000000077a80000 - 0x0000000077b9f000 	C:\Windows\system32\kernel32.dll
0x000007fefdc00000 - 0x000007fefdc6b000 	C:\Windows\system32\KERNELBASE.dll
0x000007fefe350000 - 0x000007fefe42b000 	C:\Windows\system32\ADVAPI32.dll
0x000007feffea0000 - 0x000007fefff3f000 	C:\Windows\system32\msvcrt.dll
0x000007feffe80000 - 0x000007feffe9f000 	C:\Windows\SYSTEM32\sechost.dll
0x000007fefe1d0000 - 0x000007fefe2fd000 	C:\Windows\system32\RPCRT4.dll
0x0000000077ba0000 - 0x0000000077c9a000 	C:\Windows\system32\USER32.dll
0x000007fefff40000 - 0x000007fefffa7000 	C:\Windows\system32\GDI32.dll
0x000007fefe0b0000 - 0x000007fefe0be000 	C:\Windows\system32\LPK.dll
0x000007fefe430000 - 0x000007fefe4fa000 	C:\Windows\system32\USP10.dll
0x000007fefbf90000 - 0x000007fefc184000 	C:\Windows\WinSxS\amd64_microsoft.windows.common-controls_6595b64144ccf1df_6.0.7601.18837_none_fa3b1e3d17594757\COMCTL32.dll
0x000007feffe00000 - 0x000007feffe71000 	C:\Windows\system32\SHLWAPI.dll
0x000007fefe320000 - 0x000007fefe34e000 	C:\Windows\system32\IMM32.DLL
0x000007fefe0c0000 - 0x000007fefe1c9000 	C:\Windows\system32\MSCTF.dll
0x000007fefd950000 - 0x000007fefd981000 	C:\Windows\system32\nvinitx.dll
0x000007fefd940000 - 0x000007fefd94c000 	C:\Windows\system32\VERSION.dll
0x0000000078a20000 - 0x0000000078af2000 	C:\Program Files\Java\jdk1.8.0_65\jre\bin\msvcr100.dll
0x000000006fef0000 - 0x0000000070779000 	C:\Program Files\Java\jdk1.8.0_65\jre\bin\server\jvm.dll
0x000007fef9910000 - 0x000007fef9919000 	C:\Windows\system32\WSOCK32.dll
0x000007fefdf20000 - 0x000007fefdf6d000 	C:\Windows\system32\WS2_32.dll
0x000007feffc60000 - 0x000007feffc68000 	C:\Windows\system32\NSI.dll
0x000007fefb610000 - 0x000007fefb64b000 	C:\Windows\system32\WINMM.dll
0x0000000077e70000 - 0x0000000077e77000 	C:\Windows\system32\PSAPI.DLL
0x000000005dbd0000 - 0x000000005dbdf000 	C:\Program Files\Java\jdk1.8.0_65\jre\bin\verify.dll
0x000000006ca60000 - 0x000000006ca89000 	C:\Program Files\Java\jdk1.8.0_65\jre\bin\java.dll
0x0000000070820000 - 0x0000000070836000 	C:\Program Files\Java\jdk1.8.0_65\jre\bin\zip.dll
0x000007fefeed0000 - 0x000007feffc5a000 	C:\Windows\system32\SHELL32.dll
0x000007fefecc0000 - 0x000007fefeec3000 	C:\Windows\system32\ole32.dll
0x000007fefda20000 - 0x000007fefda2f000 	C:\Windows\system32\profapi.dll
0x0000000180000000 - 0x0000000180051000 	S:\Eclipse Workspace 2\Particle Sandbox\lib\lwjgl\native\windows\lwjgl64.dll
0x000007feefad0000 - 0x000007feefbed000 	C:\Windows\system32\OPENGL32.dll
0x000007fef1af0000 - 0x000007fef1b1d000 	C:\Windows\system32\GLU32.dll
0x000007feef9d0000 - 0x000007feefac1000 	C:\Windows\system32\DDRAW.dll
0x000007fef1ae0000 - 0x000007fef1ae8000 	C:\Windows\system32\DCIMAN32.dll
0x000007fefe790000 - 0x000007fefe967000 	C:\Windows\system32\SETUPAPI.dll
0x000007fefdda0000 - 0x000007fefddd6000 	C:\Windows\system32\CFGMGR32.dll
0x000007fefde40000 - 0x000007fefdf17000 	C:\Windows\system32\OLEAUT32.dll
0x000007fefda40000 - 0x000007fefda5a000 	C:\Windows\system32\DEVOBJ.dll
0x000007fefc1c0000 - 0x000007fefc1d8000 	C:\Windows\system32\dwmapi.dll
0x000007fef4ce0000 - 0x000007fef4cfa000 	C:\Windows\system32\OpenCL.dll
0x000007fedfa20000 - 0x000007fee0e5c000 	C:\Windows\System32\nvopencl.dll
0x000007fef6520000 - 0x000007fef68c0000 	C:\Windows\system32\nvapi64.dll
0x000007fefbf30000 - 0x000007fefbf86000 	C:\Windows\system32\uxtheme.dll
0x000007fefdd30000 - 0x000007fefdd6b000 	C:\Windows\system32\WINTRUST.dll
0x000007fefda90000 - 0x000007fefdbfd000 	C:\Windows\system32\CRYPT32.dll
0x000007fefda30000 - 0x000007fefda3f000 	C:\Windows\system32\MSASN1.dll
0x000007feef3e0000 - 0x000007feef43e000 	C:\Windows\system32\intelopencl64.dll
0x000007feeb270000 - 0x000007feeb42d000 	C:\Program Files (x86)\Common Files\Intel\OpenCL\bin\x64\intelocl64.dll
0x000007feef0a0000 - 0x000007feef13d000 	C:\Program Files (x86)\Common Files\Intel\OpenCL\bin\x64\task_executor64.dll
0x000007feeefc0000 - 0x000007feef098000 	C:\Program Files (x86)\Common Files\Intel\OpenCL\bin\x64\cpu_device64.dll
0x00000000694a0000 - 0x000000006b271000 	C:\Windows\system32\nvoglv64.DLL
0x000007fefcbe0000 - 0x000007fefcbf1000 	C:\Windows\system32\WTSAPI32.dll
0x000007fefb210000 - 0x000007fefb335000 	C:\Windows\system32\dbghelp.dll
0x000007fefb650000 - 0x000007fefb67d000 	C:\Windows\system32\ntmarta.dll
0x000007fefdde0000 - 0x000007fefde32000 	C:\Windows\system32\WLDAP32.dll
0x000007fefcd00000 - 0x000007fefcd3d000 	C:\Windows\system32\WINSTA.dll
0x000007fefd870000 - 0x000007fefd87f000 	C:\Windows\system32\CRYPTBASE.dll
0x000007fef3c40000 - 0x000007fef3cdc000 	C:\Windows\system32\mscms.dll
0x000007fefdd70000 - 0x000007fefdd8e000 	C:\Windows\system32\USERENV.dll
0x000007feef290000 - 0x000007feef2d2000 	C:\Windows\system32\icm32.dll
0x000007fedd110000 - 0x000007fedfa15000 	C:\Windows\system32\nvcompiler.dll

VM Arguments:
jvm_args: -Djava.library.path=S:\Eclipse Workspace 2\Particle Sandbox\lib\lwjgl\native\windows -Dfile.encoding=Cp1252 
java_command: net.laraifox.particlesandbox.ParticleSandboxBoot
java_class_path (initial): S:\Eclipse Workspace 2\Particle Sandbox\bin;S:\Eclipse Workspace 2\Particle Sandbox\lib;S:\Eclipse Workspace 2\Particle Sandbox\res;S:\Eclipse Workspace 2\Particle Sandbox\lib\lwjgl\lwjgl_util.jar;S:\Eclipse Workspace 2\Particle Sandbox\lib\lwjgl\lwjgl.jar
Launcher Type: SUN_STANDARD

Environment Variables:
PATH=C:/Program Files/Java/jre1.8.0_65/bin/server;C:/Program Files/Java/jre1.8.0_65/bin;C:/Program Files/Java/jre1.8.0_65/lib/amd64;C:\ProgramData\Oracle\Java\javapath;C:\Program Files (x86)\Common Files\SIL;S:\Programs\SIL\FieldWorks 8\;C:\Program Files\Common Files\Microsoft Shared\Windows Live;C:\Program Files (x86)\Common Files\Microsoft Shared\Windows Live;C:\Windows\system32;C:\Windows;C:\Windows\System32\Wbem;C:\Windows\System32\WindowsPowerShell\v1.0\;C:\Program Files (x86)\Common Files\Adobe\AGL;C:\Program Files (x86)\Graphic Remedy\gDEBugger\;C:\Program Files (x86)\Microsoft SQL Server\100\Tools\Binn\;C:\Program Files\Microsoft SQL Server\100\Tools\Binn\;C:\Program Files\Microsoft SQL Server\100\DTS\Binn\;C:\Program Files (x86)\Windows Live\Shared;C:\Users\Larai Fox\.dnx\bin;C:\Program Files\Microsoft DNX\Dnvm\;C:\Program Files\Microsoft SQL Server\120\Tools\Binn\;C:\Program Files (x86)\Windows Kits\10\Windows Performance Toolkit\;C:\Program Files (x86)\nodejs\;C:\Program Files (x86)\NVIDIA Corporation\PhysX\Common;C:\Program Files (x86)\QuickTime\QTSystem\;S:\Programs\TortoiseGit\bin;C:\Program Files (x86)\Skype\Phone\;C:\Program Files (x86)\Steam\steamapps\common\team fortress 2\tf\..\bin;C:\Users\Larai Fox\AppData\Roaming\npm;C:\Windows\system32;
USERNAME=Larai Fox
OS=Windows_NT
PROCESSOR_IDENTIFIER=Intel64 Family 6 Model 42 Stepping 7, GenuineIntel



---------------  S Y S T E M  ---------------

OS: Windows 7 , 64 bit Build 7601 (6.1.7601.19135)

CPU:total 8 (4 cores per cpu, 2 threads per core) family 6 model 42 stepping 7, cmov, cx8, fxsr, mmx, sse, sse2, sse3, ssse3, sse4.1, sse4.2, popcnt, avx, aes, clmul, ht, tsc, tscinvbit

Memory: 4k page, physical 16692288k(10611360k free), swap 17739028k(10393608k free)

vm_info: Java HotSpot(TM) 64-Bit Server VM (25.65-b01) for windows-amd64 JRE (1.8.0_65-b17), built on Oct  6 2015 16:39:20 by "java_re" with MS VC++ 10.0 (VS2010)

time: Sat Feb 13 06:27:18 2016
elapsed time: 0 seconds (0d 0h 0m 0s)

